<?xml version="1.0" encoding="UTF-8"?>
<testsuite xmlns:xsi="http://www.w3.org/2001/XMLSchema-instance" xsi:noNamespaceSchemaLocation="https://maven.apache.org/surefire/maven-surefire-plugin/xsd/surefire-test-report-3.0.xsd" version="3.0" name="pl.JestesPiekna.JpApplicationTests" time="8.758" tests="1" errors="0" skipped="0" failures="0">
  <properties>
[...]
</properties>
  <testcase name="contextLoads" classname="pl.JestesPiekna.JpApplicationTests" time="0.446">
    <system-out><![CDATA[10:52:27.395 [main] INFO org.springframework.test.context.support.AnnotationConfigContextLoaderUtils -- Could not detect default configuration classes for test class [pl.JestesPiekna.JpApplicationTests]: JpApplicationTests does not declare any static, non-private, non-final, nested classes annotated with @Configuration.
10:52:27.517 [main] INFO org.springframework.boot.test.context.SpringBootTestContextBootstrapper -- Found @SpringBootConfiguration pl.JestesPiekna.JpApplication for test class pl.JestesPiekna.JpApplicationTests
10:52:27.676 [main] INFO org.springframework.boot.devtools.restart.RestartApplicationListener -- Restart disabled due to context in which it is running

  .   ____          _            __ _ _
 /\\ / ___'_ __ _ _(_)_ __  __ _ \ \ \ \
( ( )\___ | '_ | '_| | '_ \/ _` | \ \ \ \
 \\/  ___)| |_)| | | | | || (_| |  ) ) ) )
  '  |____| .__|_| |_|_| |_\__, | / / / /
 =========|_|==============|___/=/_/_/_/
 :: Spring Boot ::                (v3.2.3)

2024-04-05T10:52:27.905+02:00  INFO 17016 --- [           main] pl.JestesPiekna.JpApplicationTests       : Starting JpApplicationTests using Java 20.0.2.1 with PID 17016 (started by Paweł in C:\Users\popal\IdeaProjects\JP)
2024-04-05T10:52:27.906+02:00  INFO 17016 --- [           main] pl.JestesPiekna.JpApplicationTests       : The following 1 profile is active: "prod"
2024-04-05T10:52:28.990+02:00  INFO 17016 --- [           main] .s.d.r.c.RepositoryConfigurationDelegate : Bootstrapping Spring Data JPA repositories in DEFAULT mode.
2024-04-05T10:52:29.054+02:00  INFO 17016 --- [           main] .s.d.r.c.RepositoryConfigurationDelegate : Finished Spring Data repository scanning in 56 ms. Found 7 JPA repository interfaces.
2024-04-05T10:52:29.958+02:00  INFO 17016 --- [           main] o.hibernate.jpa.internal.util.LogHelper  : HHH000204: Processing PersistenceUnitInfo [name: default]
2024-04-05T10:52:30.099+02:00  INFO 17016 --- [           main] org.hibernate.Version                    : HHH000412: Hibernate ORM core version 6.4.4.Final
2024-04-05T10:52:30.198+02:00  INFO 17016 --- [           main] o.h.c.internal.RegionFactoryInitiator    : HHH000026: Second-level cache disabled
2024-04-05T10:52:30.531+02:00  INFO 17016 --- [           main] o.s.o.j.p.SpringPersistenceUnitInfo      : No LoadTimeWeaver setup: ignoring JPA class transformer
2024-04-05T10:52:30.567+02:00  INFO 17016 --- [           main] com.zaxxer.hikari.HikariDataSource       : HikariPool-1 - Starting...
2024-04-05T10:52:30.868+02:00  INFO 17016 --- [           main] com.zaxxer.hikari.pool.HikariPool        : HikariPool-1 - Added connection com.mysql.cj.jdbc.ConnectionImpl@6a878778
2024-04-05T10:52:30.870+02:00  INFO 17016 --- [           main] com.zaxxer.hikari.HikariDataSource       : HikariPool-1 - Start completed.
2024-04-05T10:52:31.989+02:00  INFO 17016 --- [           main] o.h.e.t.j.p.i.JtaPlatformInitiator       : HHH000489: No JTA platform available (set 'hibernate.transaction.jta.platform' to enable JTA platform integration)
2024-04-05T10:52:32.059+02:00  INFO 17016 --- [           main] j.LocalContainerEntityManagerFactoryBean : Initialized JPA EntityManagerFactory for persistence unit 'default'
2024-04-05T10:52:32.544+02:00  INFO 17016 --- [           main] o.s.d.j.r.query.QueryEnhancerFactory     : Hibernate is in classpath; If applicable, HQL parser will be used.
Hibernate: 
    select
        u1_0.id,
        u1_0.activation_token,
        u1_0.email,
        u1_0.enabled,
        u1_0.password,
        u1_0.token_expiration_date,
        u1_0.username 
    from
        users u1_0 
    where
        u1_0.username=?
Hibernate: 
    select
        up1_0.id,
        up1_0.first_name,
        up1_0.health_condition,
        up1_0.last_name,
        up1_0.phone,
        u1_0.id,
        u1_0.activation_token,
        u1_0.email,
        u1_0.enabled,
        u1_0.password,
        u1_0.token_expiration_date,
        u1_0.username 
    from
        user_profile up1_0 
    left join
        users u1_0 
            on u1_0.id=up1_0.user_id 
    where
        up1_0.user_id=?
2024-04-05T10:52:33.474+02:00  INFO 17016 --- [           main] o.s.s.p.JdbcUserDetailsManager           : No authentication manager set. Reauthentication of users when changing passwords will not be performed.
2024-04-05T10:52:33.621+02:00  INFO 17016 --- [           main] o.s.s.p.JdbcUserDetailsManager           : No authentication manager set. Reauthentication of users when changing passwords will not be performed.
2024-04-05T10:52:33.763+02:00  WARN 17016 --- [           main] JpaBaseConfiguration$JpaWebConfiguration : spring.jpa.open-in-view is enabled by default. Therefore, database queries may be performed during view rendering. Explicitly configure spring.jpa.open-in-view to disable this warning
2024-04-05T10:52:33.842+02:00 DEBUG 17016 --- [           main] swordEncoderAuthenticationManagerBuilder : No authenticationProviders and no parentAuthenticationManager defined. Returning null.
2024-04-05T10:52:34.730+02:00  INFO 17016 --- [           main] o.s.b.a.e.web.EndpointLinksResolver      : Exposing 1 endpoint(s) beneath base path '/actuator'
2024-04-05T10:52:34.860+02:00 DEBUG 17016 --- [           main] edFilterInvocationSecurityMetadataSource : Adding web access control expression [permitAll] for Ant [pattern='/login']
2024-04-05T10:52:34.888+02:00 DEBUG 17016 --- [           main] edFilterInvocationSecurityMetadataSource : Adding web access control expression [permitAll] for Ant [pattern='/YouAreBeautiful']
2024-04-05T10:52:34.888+02:00 DEBUG 17016 --- [           main] edFilterInvocationSecurityMetadataSource : Adding web access control expression [authenticated] for Ant [pattern='/homePage', GET]
2024-04-05T10:52:34.889+02:00 DEBUG 17016 --- [           main] edFilterInvocationSecurityMetadataSource : Adding web access control expression [authenticated] for Ant [pattern='/my/reservations', GET]
2024-04-05T10:52:34.889+02:00 DEBUG 17016 --- [           main] edFilterInvocationSecurityMetadataSource : Adding web access control expression [authenticated] for Ant [pattern='/submitReservation', GET]
2024-04-05T10:52:34.889+02:00 DEBUG 17016 --- [           main] edFilterInvocationSecurityMetadataSource : Adding web access control expression [authenticated] for Ant [pattern='/addReservation', GET]
2024-04-05T10:52:34.889+02:00 DEBUG 17016 --- [           main] edFilterInvocationSecurityMetadataSource : Adding web access control expression [hasRole('ROLE_ADMIN')] for Ant [pattern='/reservations', GET]
2024-04-05T10:52:34.890+02:00 DEBUG 17016 --- [           main] edFilterInvocationSecurityMetadataSource : Adding web access control expression [permitAll] for any request
2024-04-05T10:52:34.908+02:00  INFO 17016 --- [           main] o.s.s.web.DefaultSecurityFilterChain     : Will secure any request with [org.springframework.security.web.session.DisableEncodeUrlFilter@23b456ac, org.springframework.security.web.context.request.async.WebAsyncManagerIntegrationFilter@7ef35d1f, org.springframework.security.web.context.SecurityContextHolderFilter@70385eb1, org.springframework.security.web.header.HeaderWriterFilter@2073d71b, org.springframework.web.filter.CorsFilter@2abc6965, org.springframework.security.web.csrf.CsrfFilter@60ccf498, org.springframework.security.web.authentication.logout.LogoutFilter@1331742, org.springframework.security.web.authentication.UsernamePasswordAuthenticationFilter@46dc6087, org.springframework.security.web.session.ConcurrentSessionFilter@4d05b931, org.springframework.security.web.session.ConcurrentSessionFilter@145bcb73, org.springframework.security.web.authentication.www.BasicAuthenticationFilter@61ac8777, org.springframework.security.web.savedrequest.RequestCacheAwareFilter@33980345, org.springframework.security.web.servletapi.SecurityContextHolderAwareRequestFilter@596690e5, org.springframework.security.web.authentication.AnonymousAuthenticationFilter@149ca998, org.springframework.security.web.session.SessionManagementFilter@5dd88334, org.springframework.security.web.access.ExceptionTranslationFilter@6d5ef5ee, org.springframework.security.web.access.intercept.FilterSecurityInterceptor@4473bbc1]
2024-04-05T10:52:35.434+02:00  INFO 17016 --- [           main] pl.JestesPiekna.JpApplicationTests       : Started JpApplicationTests in 7.774 seconds (process running for 8.79)
]]></system-out>
  </testcase>
</testsuite>